<?xml version="1.0" encoding="UTF-8" ?>
<testsuite errors="0" failures="0" hostname="el2724" name="opendial.inference.NetworkReductionTest" skipped="0" tests="5" time="0.932" timestamp="2015-02-09T04:59:00">
  <properties>
[...]
</properties>
  <testcase classname="opendial.inference.NetworkReductionTest" name="test2" time="0.283" />
  <testcase classname="opendial.inference.NetworkReductionTest" name="test3" time="0.066" />
  <testcase classname="opendial.inference.NetworkReductionTest" name="test5" time="0.036" />
  <testcase classname="opendial.inference.NetworkReductionTest" name="test6" time="0.123" />
  <testcase classname="opendial.inference.NetworkReductionTest" name="test1" time="0.119" />
  <system-out><![CDATA[]]></system-out>
  <system-err><![CDATA[]]></system-err>
</testsuite>
