<?xml version="1.0" encoding="UTF-8" ?>
<testsuite errors="0" failures="0" hostname="xiaoqians-air" name="opendial.modules.PlanningTest" skipped="0" tests="5" time="0.938" timestamp="2015-04-03T19:46:47">
  <properties>
[...]
</properties>
  <testcase classname="opendial.modules.PlanningTest" name="testPlanning5" time="0.513" />
  <testcase classname="opendial.modules.PlanningTest" name="testPlanning" time="0.102" />
  <testcase classname="opendial.modules.PlanningTest" name="testPlanning2" time="0.05" />
  <testcase classname="opendial.modules.PlanningTest" name="testPlanning3" time="0.053" />
  <testcase classname="opendial.modules.PlanningTest" name="testPlanning4" time="0.183" />
  <system-out><![CDATA[]]></system-out>
  <system-err><![CDATA[]]></system-err>
</testsuite>
