<?xml version="1.0" encoding="UTF-8" ?>
<testsuites>
  <testsuite errors="0" failures="0" hostname="el2724" id="0" name="AssignmentTest" package="opendial.bn" skipped="0" tests="1" time="0.211" timestamp="2015-02-09T04:57:28">
      <properties>
[...]
</properties>

      <testcase classname="opendial.bn.AssignmentTest" name="testAssignInterchance" time="0.111" />

      <system-out />

      <system-err />

  </testsuite>
  <testsuite errors="0" failures="0" hostname="el2724" id="1" name="BNetworkStructureTest" package="opendial.bn" skipped="0" tests="11" time="0.315" timestamp="2015-02-09T04:57:29">
      <properties>
[...]
</properties>

      <testcase classname="opendial.bn.BNetworkStructureTest" name="testDefaultValue" time="0.136" />

      <testcase classname="opendial.bn.BNetworkStructureTest" name="testSortedNodes" time="0.024" />

      <testcase classname="opendial.bn.BNetworkStructureTest" name="testRemoval" time="0.004" />

      <testcase classname="opendial.bn.BNetworkStructureTest" name="testIdChance" time="0.003" />

      <testcase classname="opendial.bn.BNetworkStructureTest" name="testCopyIdChange" time="0.008" />

      <testcase classname="opendial.bn.BNetworkStructureTest" name="tableExpansion" time="0.003" />

      <testcase classname="opendial.bn.BNetworkStructureTest" name="testBuildBasicNetwork" time="0.01" />

      <testcase classname="opendial.bn.BNetworkStructureTest" name="testStructure" time="0.005" />

      <testcase classname="opendial.bn.BNetworkStructureTest" name="testDistribution" time="0.005" />

      <testcase classname="opendial.bn.BNetworkStructureTest" name="testCliques" time="0.008" />

      <testcase classname="opendial.bn.BNetworkStructureTest" name="testCopy" time="0.005" />

      <system-out />

      <system-err />

  </testsuite>
  <testsuite errors="0" failures="0" hostname="el2724" id="2" name="DistributionsTest" package="opendial.bn" skipped="0" tests="15" time="0.761" timestamp="2015-02-09T04:57:29">
      <properties>
[...]
</properties>

      <testcase classname="opendial.bn.DistributionsTest" name="testConversion1Distrib" time="0.112" />

      <testcase classname="opendial.bn.DistributionsTest" name="testGaussian" time="0.037" />

      <testcase classname="opendial.bn.DistributionsTest" name="testDiscrete" time="0.003" />

      <testcase classname="opendial.bn.DistributionsTest" name="testMaths" time="0.002" />

      <testcase classname="opendial.bn.DistributionsTest" name="testContinuous" time="0.007" />

      <testcase classname="opendial.bn.DistributionsTest" name="testSimpleDistrib" time="0.016" />

      <testcase classname="opendial.bn.DistributionsTest" name="testKernelDistrib" time="0.045" />

      <testcase classname="opendial.bn.DistributionsTest" name="testEmpiricalDistrib" time="0.173" />

      <testcase classname="opendial.bn.DistributionsTest" name="empiricalDistribContinuous" time="0.052" />

      <testcase classname="opendial.bn.DistributionsTest" name="testDepEmpiricalDistribContinuous" time="0.119" />

      <testcase classname="opendial.bn.DistributionsTest" name="testDirichlet" time="0.07" />

      <testcase classname="opendial.bn.DistributionsTest" name="testKernelDistrib2" time="0.013" />

      <testcase classname="opendial.bn.DistributionsTest" name="nbestTest" time="0.006" />

      <testcase classname="opendial.bn.DistributionsTest" name="testUniformDistrib" time="0.007" />

      <testcase classname="opendial.bn.DistributionsTest" name="testGaussianDistrib" time="0.005" />

      <system-out />

      <system-err />

  </testsuite>
  <testsuite errors="0" failures="0" hostname="el2724" id="3" name="ValueTest" package="opendial.bn" skipped="0" tests="2" time="0.159" timestamp="2015-02-09T04:57:30">
      <properties>
[...]
</properties>

      <testcase classname="opendial.bn.ValueTest" name="testAssign" time="0.094" />

      <testcase classname="opendial.bn.ValueTest" name="testClassical" time="0.013" />

      <system-out />

      <system-err />

  </testsuite>
  <testsuite errors="0" failures="0" hostname="el2724" id="4" name="DemoTest" package="opendial.domains" skipped="0" tests="1" time="6.684" timestamp="2015-02-09T04:57:31">
      <properties>
[...]
</properties>

      <testcase classname="opendial.domains.DemoTest" name="testDemo" time="6.62" />

      <system-out />

      <system-err />

  </testsuite>
  <testsuite errors="0" failures="0" hostname="el2724" id="5" name="DialogueStateTest" package="opendial.domains" skipped="0" tests="2" time="2.163" timestamp="2015-02-09T04:57:39">
      <properties>
[...]
</properties>

      <testcase classname="opendial.domains.DialogueStateTest" name="testStateCopy2" time="1.361" />

      <testcase classname="opendial.domains.DialogueStateTest" name="testStateCopy" time="0.649" />

      <system-out />

      <system-err />

  </testsuite>
  <testsuite errors="0" failures="0" hostname="el2724" id="6" name="FlightBookingTest" package="opendial.domains" skipped="0" tests="2" time="5.31" timestamp="2015-02-09T04:57:43">
      <properties>
[...]
</properties>

      <testcase classname="opendial.domains.FlightBookingTest" name="dialogue2" time="2.931" />

      <testcase classname="opendial.domains.FlightBookingTest" name="dialogue1" time="0.916" />

      <system-out><![CDATA[[DialogueSystem] INFO: Attaching module: opendial.modules.examples.FlightBookingExample
[FlightBookingExample] INFO: Booked 1 tickets from Moss to Tromsø on March 16
[DialogueSystem] INFO: Attaching module: opendial.modules.examples.FlightBookingExample
[FlightBookingExample] INFO: Booked 2 tickets from Trondheim to Bergen on May 24 and return on NoReturn
]]></system-out>

      <system-err />

  </testsuite>
  <testsuite errors="0" failures="0" hostname="el2724" id="7" name="LearningTest" package="opendial.domains" skipped="0" tests="1" time="3.032" timestamp="2015-02-09T04:57:49">
      <properties>
[...]
</properties>

      <testcase classname="opendial.domains.LearningTest" name="testIS2013" time="2.838" />

      <system-out />

      <system-err />

  </testsuite>
  <testsuite errors="0" failures="0" hostname="el2724" id="8" name="ParametersTest" package="opendial.domains" skipped="0" tests="5" time="3.02" timestamp="2015-02-09T04:57:53">
      <properties>
[...]
</properties>

      <testcase classname="opendial.domains.ParametersTest" name="testParam1" time="1.283" />

      <testcase classname="opendial.domains.ParametersTest" name="paramTest4" time="0.758" />

      <testcase classname="opendial.domains.ParametersTest" name="testParam5" time="0.356" />

      <testcase classname="opendial.domains.ParametersTest" name="testParam2" time="0.276" />

      <testcase classname="opendial.domains.ParametersTest" name="testParam3" time="0.224" />

      <system-out />

      <system-err />

  </testsuite>
  <testsuite errors="0" failures="0" hostname="el2724" id="9" name="PruningTest" package="opendial.domains" skipped="0" tests="9" time="1.375" timestamp="2015-02-09T04:58:00">
      <properties>
[...]
</properties>

      <testcase classname="opendial.domains.PruningTest" name="testPruning0" time="0.032" />

      <testcase classname="opendial.domains.PruningTest" name="testPruning1" time="0.147" />

      <testcase classname="opendial.domains.PruningTest" name="testPruning2" time="0.133" />

      <testcase classname="opendial.domains.PruningTest" name="testPruning3" time="0.074" />

      <testcase classname="opendial.domains.PruningTest" name="testPruning4" time="0.196" />

      <testcase classname="opendial.domains.PruningTest" name="testPruning5" time="0.141" />

      <testcase classname="opendial.domains.PruningTest" name="testPruning6" time="0.16" />

      <testcase classname="opendial.domains.PruningTest" name="testPruning7" time="0.139" />

      <testcase classname="opendial.domains.PruningTest" name="testPruning8" time="0.23" />

      <system-out />

      <system-err />

  </testsuite>
  <testsuite errors="0" failures="0" hostname="el2724" id="10" name="RuleTest1" package="opendial.domains" skipped="0" tests="7" time="3.41" timestamp="2015-02-09T04:58:03">
      <properties>
[...]
</properties>

      <testcase classname="opendial.domains.RuleTest1" name="test5" time="1.212" />

      <testcase classname="opendial.domains.RuleTest1" name="test6" time="0.593" />

      <testcase classname="opendial.domains.RuleTest1" name="test7" time="0.452" />

      <testcase classname="opendial.domains.RuleTest1" name="test3" time="0.337" />

      <testcase classname="opendial.domains.RuleTest1" name="test4" time="0.279" />

      <testcase classname="opendial.domains.RuleTest1" name="test2" time="0.258" />

      <testcase classname="opendial.domains.RuleTest1" name="test1" time="0.195" />

      <system-out />

      <system-err />

  </testsuite>
  <testsuite errors="0" failures="0" hostname="el2724" id="11" name="RuleTest2" package="opendial.domains" skipped="0" tests="6" time="5.302" timestamp="2015-02-09T04:58:09">
      <properties>
[...]
</properties>

      <testcase classname="opendial.domains.RuleTest2" name="test3" time="1.71" />

      <testcase classname="opendial.domains.RuleTest2" name="test4" time="1.298" />

      <testcase classname="opendial.domains.RuleTest2" name="test5" time="0.809" />

      <testcase classname="opendial.domains.RuleTest2" name="test6" time="0.391" />

      <testcase classname="opendial.domains.RuleTest2" name="test2" time="0.444" />

      <testcase classname="opendial.domains.RuleTest2" name="test" time="0.403" />

      <system-out />

      <system-err />

  </testsuite>
  <testsuite errors="0" failures="0" hostname="el2724" id="12" name="RuleTest3" package="opendial.domains" skipped="0" tests="5" time="3.409" timestamp="2015-02-09T04:58:15">
      <properties>
[...]
</properties>

      <testcase classname="opendial.domains.RuleTest3" name="priorityTest" time="1.037" />

      <testcase classname="opendial.domains.RuleTest3" name="testOutputs" time="0.007" />

      <testcase classname="opendial.domains.RuleTest3" name="testIncondition" time="0.347" />

      <testcase classname="opendial.domains.RuleTest3" name="test1" time="0.723" />

      <testcase classname="opendial.domains.RuleTest3" name="test2" time="1.018" />

      <system-out />

      <system-err />

  </testsuite>
  <testsuite errors="0" failures="0" hostname="el2724" id="13" name="StepByStepTest" package="opendial.domains" skipped="0" tests="1" time="7.621" timestamp="2015-02-09T04:58:20">
      <properties>
[...]
</properties>

      <testcase classname="opendial.domains.StepByStepTest" name="domain" time="7.231" />

      <system-out />

      <system-err />

  </testsuite>
  <testsuite errors="0" failures="0" hostname="el2724" id="14" name="TemplateStringTest" package="opendial.domains" skipped="0" tests="14" time="4.626" timestamp="2015-02-09T04:58:29">
      <properties>
[...]
</properties>

      <testcase classname="opendial.domains.TemplateStringTest" name="testTemplate5" time="0.204" />

      <testcase classname="opendial.domains.TemplateStringTest" name="testTemplate6" time="0.008" />

      <testcase classname="opendial.domains.TemplateStringTest" name="testTemplate3" time="0.006" />

      <testcase classname="opendial.domains.TemplateStringTest" name="testTemplate4" time="0.009" />

      <testcase classname="opendial.domains.TemplateStringTest" name="testTemplate1" time="0.005" />

      <testcase classname="opendial.domains.TemplateStringTest" name="testTemplate7" time="0.008" />

      <testcase classname="opendial.domains.TemplateStringTest" name="testTemplate8" time="0.004" />

      <testcase classname="opendial.domains.TemplateStringTest" name="testTemplate9" time="0.008" />

      <testcase classname="opendial.domains.TemplateStringTest" name="testTemplateMath" time="2.622" />

      <testcase classname="opendial.domains.TemplateStringTest" name="testTemplateQuick" time="1.421" />

      <testcase classname="opendial.domains.TemplateStringTest" name="ComplexRegex" time="0.008" />

      <testcase classname="opendial.domains.TemplateStringTest" name="testDouble" time="0.006" />

      <testcase classname="opendial.domains.TemplateStringTest" name="testMatchInString" time="0.005" />

      <testcase classname="opendial.domains.TemplateStringTest" name="testTemplate2" time="0.012" />

      <system-out />

      <system-err />

  </testsuite>
  <testsuite errors="0" failures="0" hostname="el2724" id="15" name="IncrementalTest" package="opendial.inference" skipped="0" tests="1" time="3.029" timestamp="2015-02-09T04:58:35">
      <properties>
[...]
</properties>

      <testcase classname="opendial.inference.IncrementalTest" name="test1" time="2.726" />

      <system-out />

      <system-err />

  </testsuite>
  <testsuite errors="0" failures="0" hostname="el2724" id="16" name="InferenceLargeScaleTest" package="opendial.inference" skipped="0" tests="1" time="16.774" timestamp="2015-02-09T04:58:39">
      <properties>
[...]
</properties>

      <testcase classname="opendial.inference.InferenceLargeScaleTest" name="testNetwork" time="16.567" />

      <system-out><![CDATA[[InferenceChecks] INFO: --------------------
[InferenceChecks] INFO: Average time for naive inference: 3.285006546511628 ms.
[InferenceChecks] INFO: Average time for variable elimination: 3.2166815813953487 ms.
[InferenceChecks] INFO: Average time for importance sampling: 68.91776055813953 ms. (with 0% of repeats)
[InferenceChecks] INFO: --------------------
]]></system-out>

      <system-err />

  </testsuite>
  <testsuite errors="0" failures="0" hostname="el2724" id="17" name="InferenceTest" package="opendial.inference" skipped="0" tests="7" time="2.44" timestamp="2015-02-09T04:58:57">
      <properties>
[...]
</properties>

      <testcase classname="opendial.inference.InferenceTest" name="testSwitching" time="0.989" />

      <testcase classname="opendial.inference.InferenceTest" name="testNetwork2bis" time="0.012" />

      <testcase classname="opendial.inference.InferenceTest" name="testNetwork1" time="0.037" />

      <testcase classname="opendial.inference.InferenceTest" name="testNetwork1bis" time="0.015" />

      <testcase classname="opendial.inference.InferenceTest" name="testNetwork3bis" time="0.364" />

      <testcase classname="opendial.inference.InferenceTest" name="testNetworkUtil" time="0.819" />

      <testcase classname="opendial.inference.InferenceTest" name="testNetwork2" time="0.005" />

      <system-out />

      <system-err />

  </testsuite>
  <testsuite errors="0" failures="0" hostname="el2724" id="18" name="NetworkReductionTest" package="opendial.inference" skipped="0" tests="5" time="0.932" timestamp="2015-02-09T04:59:00">
      <properties>
[...]
</properties>

      <testcase classname="opendial.inference.NetworkReductionTest" name="test2" time="0.283" />

      <testcase classname="opendial.inference.NetworkReductionTest" name="test3" time="0.066" />

      <testcase classname="opendial.inference.NetworkReductionTest" name="test5" time="0.036" />

      <testcase classname="opendial.inference.NetworkReductionTest" name="test6" time="0.123" />

      <testcase classname="opendial.inference.NetworkReductionTest" name="test1" time="0.119" />

      <system-out />

      <system-err />

  </testsuite>
  <testsuite errors="0" failures="0" hostname="el2724" id="19" name="ConnectorTest" package="opendial.modules" skipped="0" tests="1" time="1.798" timestamp="2015-02-09T04:59:01">
      <properties>
[...]
</properties>

      <testcase classname="opendial.modules.ConnectorTest" name="remoteConnection" time="1.766" />

      <system-out><![CDATA[[RemoteConnector] INFO: Connected to 127.0.1.1:51315
]]></system-out>

      <system-err />

  </testsuite>
  <testsuite errors="0" failures="0" hostname="el2724" id="20" name="ImporterTest" package="opendial.modules" skipped="0" tests="4" time="13.315" timestamp="2015-02-09T04:59:06">
      <properties>
[...]
</properties>

      <testcase classname="opendial.modules.ImporterTest" name="testImporter" time="3.452" />

      <testcase classname="opendial.modules.ImporterTest" name="testImporter2" time="2.864" />

      <testcase classname="opendial.modules.ImporterTest" name="testImporter3" time="1.219" />

      <testcase classname="opendial.modules.ImporterTest" name="testImporter4" time="5.418" />

      <system-out />

      <system-err />

  </testsuite>
  <testsuite errors="0" failures="0" hostname="el2724" id="21" name="PlanningTest" package="opendial.modules" skipped="0" tests="5" time="1.978" timestamp="2015-02-09T04:59:21">
      <properties>
[...]
</properties>

      <testcase classname="opendial.modules.PlanningTest" name="testPlanning2" time="0.484" />

      <testcase classname="opendial.modules.PlanningTest" name="testPlanning3" time="0.39" />

      <testcase classname="opendial.modules.PlanningTest" name="testPlanning4" time="0.491" />

      <testcase classname="opendial.modules.PlanningTest" name="testPlanning5" time="0.335" />

      <testcase classname="opendial.modules.PlanningTest" name="testPlanning" time="0.193" />

      <system-out />

      <system-err />

  </testsuite>
  <testsuite errors="0" failures="0" hostname="el2724" id="22" name="RecordingTest" package="opendial.modules" skipped="0" tests="2" time="11.49" timestamp="2015-02-09T04:59:24">
      <properties>
[...]
</properties>

      <testcase classname="opendial.modules.RecordingTest" name="testRecord" time="7.598" />

      <testcase classname="opendial.modules.RecordingTest" name="testXML" time="3.676" />

      <system-out><![CDATA[[XMLUtils] INFO: writing operation to test//domains//domain-demo-exportstate.xml successful!
[XMLUtils] INFO: writing operation to test//domains//domain-demo-exportparams.xml successful!
]]></system-out>

      <system-err />

  </testsuite>
  <testsuite errors="0" failures="0" hostname="el2724" id="23" name="SimulatorTest" package="opendial.modules" skipped="0" tests="2" time="7.179" timestamp="2015-02-09T04:59:36">
      <properties>
[...]
</properties>

      <testcase classname="opendial.modules.SimulatorTest" name="testRewardLearner" time="4.638" />

      <testcase classname="opendial.modules.SimulatorTest" name="testSimulator" time="2.177" />

      <system-out><![CDATA[[SimulatorTest] DEBUG: theta_correct KDE(mean=[1.9669]),std=1.7016) with 6000 kernels 
[SimulatorTest] DEBUG: theta_incorrect KDE(mean=[-1.5135]),std=2.3304) with 6000 kernels 
[SimulatorTest] DEBUG: theta_repeat KDE(mean=[-0.0043]),std=2.201) with 6000 kernels 
]]></system-out>

      <system-err />

  </testsuite>
  <testsuite errors="0" failures="0" hostname="el2724" id="24" name="WizardTest" package="opendial.modules" skipped="0" tests="2" time="12.075" timestamp="2015-02-09T04:59:44">
      <properties>
[...]
</properties>

      <testcase classname="opendial.modules.WizardTest" name="testWizardControl" time="4.929" />

      <testcase classname="opendial.modules.WizardTest" name="testWizardLearning" time="6.939" />

      <system-out><![CDATA[[WizardTest] DEBUG: theta 1: 22.214696069404578
[WizardTest] DEBUG: theta 2: 3.0072290201987095
]]></system-out>

      <system-err />

  </testsuite>
</testsuites>
