<?xml version="1.0" encoding="UTF-8" ?>
<testsuites>
  <testsuite errors="0" failures="0" hostname="xiaoqians-air" id="0" name="AssignmentTest" package="opendial.bn" skipped="0" tests="1" time="0.198" timestamp="2015-04-03T19:45:54">
      <properties>
[...]
</properties>

      <testcase classname="opendial.bn.AssignmentTest" name="testAssignInterchance" time="0.102" />

      <system-out><![CDATA[]]></system-out>

      <system-err><![CDATA[]]></system-err>

  </testsuite>
  <testsuite errors="0" failures="0" hostname="xiaoqians-air" id="1" name="BNetworkStructureTest" package="opendial.bn" skipped="0" tests="11" time="0.239" timestamp="2015-04-03T19:45:54">
      <properties>
[...]
</properties>

      <testcase classname="opendial.bn.BNetworkStructureTest" name="testStructure" time="0.107" />

      <testcase classname="opendial.bn.BNetworkStructureTest" name="testDistribution" time="0.026" />

      <testcase classname="opendial.bn.BNetworkStructureTest" name="tableExpansion" time="0.007" />

      <testcase classname="opendial.bn.BNetworkStructureTest" name="testDefaultValue" time="0.004" />

      <testcase classname="opendial.bn.BNetworkStructureTest" name="testSortedNodes" time="0.011" />

      <testcase classname="opendial.bn.BNetworkStructureTest" name="testCliques" time="0.007" />

      <testcase classname="opendial.bn.BNetworkStructureTest" name="testRemoval" time="0.003" />

      <testcase classname="opendial.bn.BNetworkStructureTest" name="testIdChance" time="0.002" />

      <testcase classname="opendial.bn.BNetworkStructureTest" name="testCopyIdChange" time="0.006" />

      <testcase classname="opendial.bn.BNetworkStructureTest" name="testBuildBasicNetwork" time="0.005" />

      <testcase classname="opendial.bn.BNetworkStructureTest" name="testCopy" time="0.008" />

      <system-out><![CDATA[]]></system-out>

      <system-err><![CDATA[]]></system-err>

  </testsuite>
  <testsuite errors="0" failures="0" hostname="xiaoqians-air" id="2" name="DistributionsTest" package="opendial.bn" skipped="0" tests="15" time="0.789" timestamp="2015-04-03T19:45:55">
      <properties>
[...]
</properties>

      <testcase classname="opendial.bn.DistributionsTest" name="testSimpleDistrib" time="0.087" />

      <testcase classname="opendial.bn.DistributionsTest" name="testMaths" time="0.003" />

      <testcase classname="opendial.bn.DistributionsTest" name="testConversion1Distrib" time="0.027" />

      <testcase classname="opendial.bn.DistributionsTest" name="testContinuous" time="0.018" />

      <testcase classname="opendial.bn.DistributionsTest" name="testGaussian" time="0.027" />

      <testcase classname="opendial.bn.DistributionsTest" name="testDiscrete" time="0.001" />

      <testcase classname="opendial.bn.DistributionsTest" name="testUniformDistrib" time="0.006" />

      <testcase classname="opendial.bn.DistributionsTest" name="testGaussianDistrib" time="0.005" />

      <testcase classname="opendial.bn.DistributionsTest" name="testKernelDistrib" time="0.046" />

      <testcase classname="opendial.bn.DistributionsTest" name="testEmpiricalDistrib" time="0.17" />

      <testcase classname="opendial.bn.DistributionsTest" name="empiricalDistribContinuous" time="0.06" />

      <testcase classname="opendial.bn.DistributionsTest" name="testDepEmpiricalDistribContinuous" time="0.164" />

      <testcase classname="opendial.bn.DistributionsTest" name="testDirichlet" time="0.098" />

      <testcase classname="opendial.bn.DistributionsTest" name="testKernelDistrib2" time="0.014" />

      <testcase classname="opendial.bn.DistributionsTest" name="nbestTest" time="0.004" />

      <system-out><![CDATA[]]></system-out>

      <system-err><![CDATA[]]></system-err>

  </testsuite>
  <testsuite errors="0" failures="0" hostname="xiaoqians-air" id="3" name="ValueTest" package="opendial.bn" skipped="0" tests="2" time="0.139" timestamp="2015-04-03T19:45:56">
      <properties>
[...]
</properties>

      <testcase classname="opendial.bn.ValueTest" name="testAssign" time="0.07" />

      <testcase classname="opendial.bn.ValueTest" name="testClassical" time="0.017" />

      <system-out><![CDATA[]]></system-out>

      <system-err><![CDATA[]]></system-err>

  </testsuite>
  <testsuite errors="0" failures="0" hostname="xiaoqians-air" id="4" name="DemoTest" package="opendial.domains" skipped="0" tests="1" time="6.999" timestamp="2015-04-03T19:45:57">
      <properties>
[...]
</properties>

      <testcase classname="opendial.domains.DemoTest" name="testDemo" time="6.955" />

      <system-out><![CDATA[]]></system-out>

      <system-err><![CDATA[]]></system-err>

  </testsuite>
  <testsuite errors="0" failures="0" hostname="xiaoqians-air" id="5" name="DialogueStateTest" package="opendial.domains" skipped="0" tests="2" time="0.997" timestamp="2015-04-03T19:46:05">
      <properties>
[...]
</properties>

      <testcase classname="opendial.domains.DialogueStateTest" name="testStateCopy2" time="0.566" />

      <testcase classname="opendial.domains.DialogueStateTest" name="testStateCopy" time="0.392" />

      <system-out><![CDATA[]]></system-out>

      <system-err><![CDATA[]]></system-err>

  </testsuite>
  <testsuite errors="0" failures="0" hostname="xiaoqians-air" id="6" name="FlightBookingTest" package="opendial.domains" skipped="0" tests="2" time="3.908" timestamp="2015-04-03T19:46:06">
      <properties>
[...]
</properties>

      <testcase classname="opendial.domains.FlightBookingTest" name="dialogue2" time="2.479" />

      <testcase classname="opendial.domains.FlightBookingTest" name="dialogue1" time="0.934" />

      <system-out><![CDATA[[DialogueSystem] INFO: Attaching module: opendial.modules.examples.FlightBookingExample
[FlightBookingExample] INFO: Booked 1 tickets from Moss to Tromsø on March 16
[DialogueSystem] INFO: Attaching module: opendial.modules.examples.FlightBookingExample
[FlightBookingExample] INFO: Booked 2 tickets from Trondheim to Bergen on May 24 and return on NoReturn
]]></system-out>

      <system-err><![CDATA[]]></system-err>

  </testsuite>
  <testsuite errors="0" failures="0" hostname="xiaoqians-air" id="7" name="LearningTest" package="opendial.domains" skipped="0" tests="1" time="1.524" timestamp="2015-04-03T19:46:11">
      <properties>
[...]
</properties>

      <testcase classname="opendial.domains.LearningTest" name="testIS2013" time="1.457" />

      <system-out><![CDATA[]]></system-out>

      <system-err><![CDATA[]]></system-err>

  </testsuite>
  <testsuite errors="0" failures="0" hostname="xiaoqians-air" id="8" name="ParametersTest" package="opendial.domains" skipped="0" tests="5" time="1.21" timestamp="2015-04-03T19:46:13">
      <properties>
[...]
</properties>

      <testcase classname="opendial.domains.ParametersTest" name="testParam3" time="0.413" />

      <testcase classname="opendial.domains.ParametersTest" name="paramTest4" time="0.32" />

      <testcase classname="opendial.domains.ParametersTest" name="testParam5" time="0.171" />

      <testcase classname="opendial.domains.ParametersTest" name="testParam1" time="0.16" />

      <testcase classname="opendial.domains.ParametersTest" name="testParam2" time="0.112" />

      <system-out><![CDATA[]]></system-out>

      <system-err><![CDATA[]]></system-err>

  </testsuite>
  <testsuite errors="0" failures="0" hostname="xiaoqians-air" id="9" name="PruningTest" package="opendial.domains" skipped="0" tests="9" time="0.517" timestamp="2015-04-03T19:46:16">
      <properties>
[...]
</properties>

      <testcase classname="opendial.domains.PruningTest" name="testPruning0" time="0.004" />

      <testcase classname="opendial.domains.PruningTest" name="testPruning4" time="0.084" />

      <testcase classname="opendial.domains.PruningTest" name="testPruning5" time="0.06" />

      <testcase classname="opendial.domains.PruningTest" name="testPruning6" time="0.071" />

      <testcase classname="opendial.domains.PruningTest" name="testPruning7" time="0.07" />

      <testcase classname="opendial.domains.PruningTest" name="testPruning8" time="0.093" />

      <testcase classname="opendial.domains.PruningTest" name="testPruning1" time="0.027" />

      <testcase classname="opendial.domains.PruningTest" name="testPruning2" time="0.043" />

      <testcase classname="opendial.domains.PruningTest" name="testPruning3" time="0.033" />

      <system-out><![CDATA[]]></system-out>

      <system-err><![CDATA[]]></system-err>

  </testsuite>
  <testsuite errors="0" failures="0" hostname="xiaoqians-air" id="10" name="RuleTest1" package="opendial.domains" skipped="0" tests="7" time="1.74" timestamp="2015-04-03T19:46:17">
      <properties>
[...]
</properties>

      <testcase classname="opendial.domains.RuleTest1" name="test1" time="0.45" />

      <testcase classname="opendial.domains.RuleTest1" name="test2" time="0.196" />

      <testcase classname="opendial.domains.RuleTest1" name="test3" time="0.249" />

      <testcase classname="opendial.domains.RuleTest1" name="test4" time="0.164" />

      <testcase classname="opendial.domains.RuleTest1" name="test5" time="0.146" />

      <testcase classname="opendial.domains.RuleTest1" name="test6" time="0.231" />

      <testcase classname="opendial.domains.RuleTest1" name="test7" time="0.255" />

      <system-out><![CDATA[]]></system-out>

      <system-err><![CDATA[]]></system-err>

  </testsuite>
  <testsuite errors="0" failures="0" hostname="xiaoqians-air" id="11" name="RuleTest2" package="opendial.domains" skipped="0" tests="6" time="2.433" timestamp="2015-04-03T19:46:20">
      <properties>
[...]
</properties>

      <testcase classname="opendial.domains.RuleTest2" name="test" time="0.491" />

      <testcase classname="opendial.domains.RuleTest2" name="test4" time="1.031" />

      <testcase classname="opendial.domains.RuleTest2" name="test5" time="0.266" />

      <testcase classname="opendial.domains.RuleTest2" name="test6" time="0.097" />

      <testcase classname="opendial.domains.RuleTest2" name="test3" time="0.252" />

      <testcase classname="opendial.domains.RuleTest2" name="test2" time="0.252" />

      <system-out><![CDATA[]]></system-out>

      <system-err><![CDATA[]]></system-err>

  </testsuite>
  <testsuite errors="0" failures="0" hostname="xiaoqians-air" id="12" name="RuleTest3" package="opendial.domains" skipped="0" tests="5" time="1.372" timestamp="2015-04-03T19:46:23">
      <properties>
[...]
</properties>

      <testcase classname="opendial.domains.RuleTest3" name="test1" time="0.677" />

      <testcase classname="opendial.domains.RuleTest3" name="test2" time="0.546" />

      <testcase classname="opendial.domains.RuleTest3" name="priorityTest" time="0.05" />

      <testcase classname="opendial.domains.RuleTest3" name="testOutputs" time="0.001" />

      <testcase classname="opendial.domains.RuleTest3" name="testIncondition" time="0.044" />

      <system-out><![CDATA[]]></system-out>

      <system-err><![CDATA[]]></system-err>

  </testsuite>
  <testsuite errors="0" failures="0" hostname="xiaoqians-air" id="13" name="StepByStepTest" package="opendial.domains" skipped="0" tests="1" time="1.937" timestamp="2015-04-03T19:46:25">
      <properties>
[...]
</properties>

      <testcase classname="opendial.domains.StepByStepTest" name="domain" time="1.892" />

      <system-out><![CDATA[]]></system-out>

      <system-err><![CDATA[]]></system-err>

  </testsuite>
  <testsuite errors="0" failures="0" hostname="xiaoqians-air" id="14" name="TemplateStringTest" package="opendial.domains" skipped="0" tests="14" time="1.036" timestamp="2015-04-03T19:46:28">
      <properties>
[...]
</properties>

      <testcase classname="opendial.domains.TemplateStringTest" name="testTemplate1" time="0.07" />

      <testcase classname="opendial.domains.TemplateStringTest" name="testTemplate2" time="0.006" />

      <testcase classname="opendial.domains.TemplateStringTest" name="testTemplate3" time="0.002" />

      <testcase classname="opendial.domains.TemplateStringTest" name="testTemplate4" time="0.004" />

      <testcase classname="opendial.domains.TemplateStringTest" name="testTemplate5" time="0.002" />

      <testcase classname="opendial.domains.TemplateStringTest" name="testTemplate6" time="0.003" />

      <testcase classname="opendial.domains.TemplateStringTest" name="testTemplate7" time="0.004" />

      <testcase classname="opendial.domains.TemplateStringTest" name="testTemplate8" time="0.002" />

      <testcase classname="opendial.domains.TemplateStringTest" name="testTemplate9" time="0.003" />

      <testcase classname="opendial.domains.TemplateStringTest" name="testTemplateQuick" time="0.246" />

      <testcase classname="opendial.domains.TemplateStringTest" name="testTemplateMath" time="0.619" />

      <testcase classname="opendial.domains.TemplateStringTest" name="ComplexRegex" time="0.005" />

      <testcase classname="opendial.domains.TemplateStringTest" name="testDouble" time="0.002" />

      <testcase classname="opendial.domains.TemplateStringTest" name="testMatchInString" time="0.002" />

      <system-out><![CDATA[]]></system-out>

      <system-err><![CDATA[]]></system-err>

  </testsuite>
  <testsuite errors="0" failures="0" hostname="xiaoqians-air" id="15" name="IncrementalTest" package="opendial.inference" skipped="0" tests="1" time="0.728" timestamp="2015-04-03T19:46:29">
      <properties>
[...]
</properties>

      <testcase classname="opendial.inference.IncrementalTest" name="test1" time="0.683" />

      <system-out><![CDATA[]]></system-out>

      <system-err><![CDATA[]]></system-err>

  </testsuite>
  <testsuite errors="0" failures="0" hostname="xiaoqians-air" id="16" name="InferenceLargeScaleTest" package="opendial.inference" skipped="0" tests="1" time="2.645" timestamp="2015-04-03T19:46:31">
      <properties>
[...]
</properties>

      <testcase classname="opendial.inference.InferenceLargeScaleTest" name="testNetwork" time="2.596" />

      <system-out><![CDATA[[InferenceChecks] INFO: --------------------
[InferenceChecks] INFO: Average time for naive inference: 0.7919335584415584 ms.
[InferenceChecks] INFO: Average time for variable elimination: 0.8595909545454545 ms.
[InferenceChecks] INFO: Average time for importance sampling: 10.336286402597402 ms. (with 0% of repeats)
[InferenceChecks] INFO: --------------------
]]></system-out>

      <system-err><![CDATA[]]></system-err>

  </testsuite>
  <testsuite errors="0" failures="0" hostname="xiaoqians-air" id="17" name="InferenceTest" package="opendial.inference" skipped="0" tests="7" time="0.971" timestamp="2015-04-03T19:46:34">
      <properties>
[...]
</properties>

      <testcase classname="opendial.inference.InferenceTest" name="testNetwork1bis" time="0.143" />

      <testcase classname="opendial.inference.InferenceTest" name="testNetwork2" time="0.018" />

      <testcase classname="opendial.inference.InferenceTest" name="testNetwork2bis" time="0.009" />

      <testcase classname="opendial.inference.InferenceTest" name="testNetwork3bis" time="0.257" />

      <testcase classname="opendial.inference.InferenceTest" name="testNetwork1" time="0.008" />

      <testcase classname="opendial.inference.InferenceTest" name="testNetworkUtil" time="0.354" />

      <testcase classname="opendial.inference.InferenceTest" name="testSwitching" time="0.13" />

      <system-out><![CDATA[]]></system-out>

      <system-err><![CDATA[]]></system-err>

  </testsuite>
  <testsuite errors="0" failures="0" hostname="xiaoqians-air" id="18" name="NetworkReductionTest" package="opendial.inference" skipped="0" tests="5" time="1.107" timestamp="2015-04-03T19:46:35">
      <properties>
[...]
</properties>

      <testcase classname="opendial.inference.NetworkReductionTest" name="test5" time="0.35" />

      <testcase classname="opendial.inference.NetworkReductionTest" name="test6" time="0.327" />

      <testcase classname="opendial.inference.NetworkReductionTest" name="test2" time="0.112" />

      <testcase classname="opendial.inference.NetworkReductionTest" name="test3" time="0.076" />

      <testcase classname="opendial.inference.NetworkReductionTest" name="test1" time="0.102" />

      <system-out><![CDATA[]]></system-out>

      <system-err><![CDATA[]]></system-err>

  </testsuite>
  <testsuite errors="0" failures="0" hostname="xiaoqians-air" id="19" name="ConnectorTest" package="opendial.modules" skipped="0" tests="1" time="0.918" timestamp="2015-04-03T19:46:37">
      <properties>
[...]
</properties>

      <testcase classname="opendial.modules.ConnectorTest" name="remoteConnection" time="0.873" />

      <system-out><![CDATA[[RemoteConnector] INFO: Connected to 10.13.78.90:55498
]]></system-out>

      <system-err><![CDATA[]]></system-err>

  </testsuite>
  <testsuite errors="0" failures="0" hostname="xiaoqians-air" id="20" name="ImporterTest" package="opendial.modules" skipped="0" tests="4" time="7.399" timestamp="2015-04-03T19:46:38">
      <properties>
[...]
</properties>

      <testcase classname="opendial.modules.ImporterTest" name="testImporter2" time="2.991" />

      <testcase classname="opendial.modules.ImporterTest" name="testImporter3" time="1.083" />

      <testcase classname="opendial.modules.ImporterTest" name="testImporter4" time="2.945" />

      <testcase classname="opendial.modules.ImporterTest" name="testImporter" time="0.332" />

      <system-out><![CDATA[]]></system-out>

      <system-err><![CDATA[]]></system-err>

  </testsuite>
  <testsuite errors="0" failures="0" hostname="xiaoqians-air" id="21" name="PlanningTest" package="opendial.modules" skipped="0" tests="5" time="0.938" timestamp="2015-04-03T19:46:47">
      <properties>
[...]
</properties>

      <testcase classname="opendial.modules.PlanningTest" name="testPlanning5" time="0.513" />

      <testcase classname="opendial.modules.PlanningTest" name="testPlanning" time="0.102" />

      <testcase classname="opendial.modules.PlanningTest" name="testPlanning2" time="0.05" />

      <testcase classname="opendial.modules.PlanningTest" name="testPlanning3" time="0.053" />

      <testcase classname="opendial.modules.PlanningTest" name="testPlanning4" time="0.183" />

      <system-out><![CDATA[]]></system-out>

      <system-err><![CDATA[]]></system-err>

  </testsuite>
  <testsuite errors="0" failures="0" hostname="xiaoqians-air" id="22" name="RecordingTest" package="opendial.modules" skipped="0" tests="2" time="8.1" timestamp="2015-04-03T19:46:48">
      <properties>
[...]
</properties>

      <testcase classname="opendial.modules.RecordingTest" name="testXML" time="3.194" />

      <testcase classname="opendial.modules.RecordingTest" name="testRecord" time="4.859" />

      <system-out><![CDATA[[XMLUtils] INFO: writing operation to test//domains//domain-demo-exportstate.xml successful!
[XMLUtils] INFO: writing operation to test//domains//domain-demo-exportparams.xml successful!
]]></system-out>

      <system-err><![CDATA[]]></system-err>

  </testsuite>
  <testsuite errors="0" failures="0" hostname="xiaoqians-air" id="23" name="SimulatorTest" package="opendial.modules" skipped="0" tests="2" time="11.112" timestamp="2015-04-03T19:46:57">
      <properties>
[...]
</properties>

      <testcase classname="opendial.modules.SimulatorTest" name="testRewardLearner" time="2.338" />

      <testcase classname="opendial.modules.SimulatorTest" name="testSimulator" time="8.713" />

      <system-out><![CDATA[[SimulatorTest] DEBUG: theta_correct KDE(mean=[1.9715]),std=1.0668) with 6000 kernels 
[SimulatorTest] DEBUG: theta_incorrect KDE(mean=[-1.7423]),std=2.3312) with 6000 kernels 
[SimulatorTest] DEBUG: theta_repeat KDE(mean=[0.0455]),std=2.2685) with 6000 kernels 
]]></system-out>

      <system-err><![CDATA[]]></system-err>

  </testsuite>
  <testsuite errors="0" failures="0" hostname="xiaoqians-air" id="24" name="WizardTest" package="opendial.modules" skipped="0" tests="2" time="9.643" timestamp="2015-04-03T19:47:09">
      <properties>
[...]
</properties>

      <testcase classname="opendial.modules.WizardTest" name="testWizardLearning" time="6.301" />

      <testcase classname="opendial.modules.WizardTest" name="testWizardControl" time="3.294" />

      <system-out><![CDATA[[WizardTest] DEBUG: theta 1: 22.045798682073805
[WizardTest] DEBUG: theta 2: 3.3500918042031476
]]></system-out>

      <system-err><![CDATA[]]></system-err>

  </testsuite>
</testsuites>
